[2025-07-09T19:53:58.022+0000] {processor.py:161} INFO - Started process (PID=60) to work on /opt/airflow/dags/flight_etl_dag.py
[2025-07-09T19:53:58.024+0000] {processor.py:830} INFO - Processing file /opt/airflow/dags/flight_etl_dag.py for tasks to queue
[2025-07-09T19:53:58.029+0000] {logging_mixin.py:188} INFO - [2025-07-09T19:53:58.028+0000] {dagbag.py:538} INFO - Filling up the DagBag from /opt/airflow/dags/flight_etl_dag.py
[2025-07-09T19:54:21.050+0000] {processor.py:161} INFO - Started process (PID=60) to work on /opt/airflow/dags/flight_etl_dag.py
[2025-07-09T19:54:21.053+0000] {processor.py:830} INFO - Processing file /opt/airflow/dags/flight_etl_dag.py for tasks to queue
[2025-07-09T19:54:21.060+0000] {logging_mixin.py:188} INFO - [2025-07-09T19:54:21.059+0000] {dagbag.py:538} INFO - Filling up the DagBag from /opt/airflow/dags/flight_etl_dag.py
[2025-07-09T19:54:32.220+0000] {processor.py:840} INFO - DAG(s) 'flight_etl_dag' retrieved from /opt/airflow/dags/flight_etl_dag.py
[2025-07-09T19:54:32.542+0000] {logging_mixin.py:188} INFO - [2025-07-09T19:54:32.541+0000] {override.py:1769} INFO - Created Permission View: can read on DAG:flight_etl_dag
[2025-07-09T19:54:32.577+0000] {logging_mixin.py:188} INFO - [2025-07-09T19:54:32.576+0000] {override.py:1769} INFO - Created Permission View: can edit on DAG:flight_etl_dag
[2025-07-09T19:54:32.608+0000] {logging_mixin.py:188} INFO - [2025-07-09T19:54:32.607+0000] {override.py:1769} INFO - Created Permission View: can delete on DAG:flight_etl_dag
[2025-07-09T19:54:32.610+0000] {logging_mixin.py:188} INFO - [2025-07-09T19:54:32.609+0000] {dag.py:3036} INFO - Sync 1 DAGs
[2025-07-09T19:54:32.653+0000] {logging_mixin.py:188} INFO - [2025-07-09T19:54:32.652+0000] {dag.py:3058} INFO - Creating ORM DAG for flight_etl_dag
[2025-07-09T19:54:32.680+0000] {logging_mixin.py:188} INFO - [2025-07-09T19:54:32.679+0000] {dag.py:3823} INFO - Setting next_dagrun for flight_etl_dag to 2025-07-08 00:00:00+00:00, run_after=2025-07-09 00:00:00+00:00
[2025-07-09T19:54:32.770+0000] {processor.py:183} INFO - Processing /opt/airflow/dags/flight_etl_dag.py took 11.732 seconds
[2025-07-09T19:55:03.667+0000] {processor.py:161} INFO - Started process (PID=151) to work on /opt/airflow/dags/flight_etl_dag.py
[2025-07-09T19:55:03.669+0000] {processor.py:830} INFO - Processing file /opt/airflow/dags/flight_etl_dag.py for tasks to queue
[2025-07-09T19:55:03.673+0000] {logging_mixin.py:188} INFO - [2025-07-09T19:55:03.672+0000] {dagbag.py:538} INFO - Filling up the DagBag from /opt/airflow/dags/flight_etl_dag.py
[2025-07-09T19:55:11.109+0000] {processor.py:840} INFO - DAG(s) 'flight_etl_dag' retrieved from /opt/airflow/dags/flight_etl_dag.py
[2025-07-09T19:55:11.132+0000] {logging_mixin.py:188} INFO - [2025-07-09T19:55:11.131+0000] {dag.py:3036} INFO - Sync 1 DAGs
[2025-07-09T19:55:11.156+0000] {logging_mixin.py:188} INFO - [2025-07-09T19:55:11.156+0000] {dag.py:3823} INFO - Setting next_dagrun for flight_etl_dag to 2025-07-08 00:00:00+00:00, run_after=2025-07-09 00:00:00+00:00
[2025-07-09T19:55:11.193+0000] {processor.py:183} INFO - Processing /opt/airflow/dags/flight_etl_dag.py took 7.534 seconds
[2025-07-09T19:55:42.114+0000] {processor.py:161} INFO - Started process (PID=229) to work on /opt/airflow/dags/flight_etl_dag.py
[2025-07-09T19:55:42.117+0000] {processor.py:830} INFO - Processing file /opt/airflow/dags/flight_etl_dag.py for tasks to queue
[2025-07-09T19:55:42.123+0000] {logging_mixin.py:188} INFO - [2025-07-09T19:55:42.122+0000] {dagbag.py:538} INFO - Filling up the DagBag from /opt/airflow/dags/flight_etl_dag.py
[2025-07-09T19:55:50.032+0000] {processor.py:840} INFO - DAG(s) 'flight_etl_dag' retrieved from /opt/airflow/dags/flight_etl_dag.py
[2025-07-09T19:55:50.055+0000] {logging_mixin.py:188} INFO - [2025-07-09T19:55:50.054+0000] {dag.py:3036} INFO - Sync 1 DAGs
[2025-07-09T19:55:50.079+0000] {logging_mixin.py:188} INFO - [2025-07-09T19:55:50.079+0000] {dag.py:3823} INFO - Setting next_dagrun for flight_etl_dag to 2025-07-08 00:00:00+00:00, run_after=2025-07-09 00:00:00+00:00
[2025-07-09T19:55:50.110+0000] {processor.py:183} INFO - Processing /opt/airflow/dags/flight_etl_dag.py took 8.004 seconds
[2025-07-09T19:56:21.066+0000] {processor.py:161} INFO - Started process (PID=286) to work on /opt/airflow/dags/flight_etl_dag.py
[2025-07-09T19:56:21.068+0000] {processor.py:830} INFO - Processing file /opt/airflow/dags/flight_etl_dag.py for tasks to queue
[2025-07-09T19:56:21.071+0000] {logging_mixin.py:188} INFO - [2025-07-09T19:56:21.071+0000] {dagbag.py:538} INFO - Filling up the DagBag from /opt/airflow/dags/flight_etl_dag.py
[2025-07-09T19:56:29.229+0000] {processor.py:840} INFO - DAG(s) 'flight_etl_dag' retrieved from /opt/airflow/dags/flight_etl_dag.py
[2025-07-09T19:56:29.261+0000] {logging_mixin.py:188} INFO - [2025-07-09T19:56:29.260+0000] {dag.py:3036} INFO - Sync 1 DAGs
[2025-07-09T19:56:29.299+0000] {logging_mixin.py:188} INFO - [2025-07-09T19:56:29.299+0000] {dag.py:3823} INFO - Setting next_dagrun for flight_etl_dag to 2025-07-09 00:00:00+00:00, run_after=2025-07-10 00:00:00+00:00
[2025-07-09T19:56:29.351+0000] {processor.py:183} INFO - Processing /opt/airflow/dags/flight_etl_dag.py took 8.293 seconds
[2025-07-09T19:57:00.000+0000] {processor.py:161} INFO - Started process (PID=367) to work on /opt/airflow/dags/flight_etl_dag.py
[2025-07-09T19:57:00.001+0000] {processor.py:830} INFO - Processing file /opt/airflow/dags/flight_etl_dag.py for tasks to queue
[2025-07-09T19:57:00.004+0000] {logging_mixin.py:188} INFO - [2025-07-09T19:57:00.004+0000] {dagbag.py:538} INFO - Filling up the DagBag from /opt/airflow/dags/flight_etl_dag.py
[2025-07-09T19:57:08.631+0000] {processor.py:840} INFO - DAG(s) 'flight_etl_dag' retrieved from /opt/airflow/dags/flight_etl_dag.py
[2025-07-09T19:57:08.652+0000] {logging_mixin.py:188} INFO - [2025-07-09T19:57:08.651+0000] {dag.py:3036} INFO - Sync 1 DAGs
[2025-07-09T19:57:08.709+0000] {logging_mixin.py:188} INFO - [2025-07-09T19:57:08.709+0000] {dag.py:3823} INFO - Setting next_dagrun for flight_etl_dag to 2025-07-09 00:00:00+00:00, run_after=2025-07-10 00:00:00+00:00
[2025-07-09T19:57:08.747+0000] {processor.py:183} INFO - Processing /opt/airflow/dags/flight_etl_dag.py took 8.751 seconds
[2025-07-09T19:57:39.034+0000] {processor.py:161} INFO - Started process (PID=451) to work on /opt/airflow/dags/flight_etl_dag.py
[2025-07-09T19:57:39.037+0000] {processor.py:830} INFO - Processing file /opt/airflow/dags/flight_etl_dag.py for tasks to queue
[2025-07-09T19:57:39.042+0000] {logging_mixin.py:188} INFO - [2025-07-09T19:57:39.041+0000] {dagbag.py:538} INFO - Filling up the DagBag from /opt/airflow/dags/flight_etl_dag.py
[2025-07-09T19:57:41.221+0000] {processor.py:840} INFO - DAG(s) 'flight_etl_dag' retrieved from /opt/airflow/dags/flight_etl_dag.py
[2025-07-09T19:57:41.248+0000] {logging_mixin.py:188} INFO - [2025-07-09T19:57:41.247+0000] {dag.py:3036} INFO - Sync 1 DAGs
[2025-07-09T19:57:41.278+0000] {logging_mixin.py:188} INFO - [2025-07-09T19:57:41.278+0000] {dag.py:3823} INFO - Setting next_dagrun for flight_etl_dag to 2025-07-09 00:00:00+00:00, run_after=2025-07-10 00:00:00+00:00
[2025-07-09T19:57:41.316+0000] {processor.py:183} INFO - Processing /opt/airflow/dags/flight_etl_dag.py took 2.288 seconds
[2025-07-09T19:58:11.474+0000] {processor.py:161} INFO - Started process (PID=523) to work on /opt/airflow/dags/flight_etl_dag.py
[2025-07-09T19:58:11.476+0000] {processor.py:830} INFO - Processing file /opt/airflow/dags/flight_etl_dag.py for tasks to queue
[2025-07-09T19:58:11.478+0000] {logging_mixin.py:188} INFO - [2025-07-09T19:58:11.478+0000] {dagbag.py:538} INFO - Filling up the DagBag from /opt/airflow/dags/flight_etl_dag.py
[2025-07-09T19:58:19.277+0000] {processor.py:840} INFO - DAG(s) 'flight_etl_dag' retrieved from /opt/airflow/dags/flight_etl_dag.py
[2025-07-09T19:58:19.310+0000] {logging_mixin.py:188} INFO - [2025-07-09T19:58:19.309+0000] {dag.py:3036} INFO - Sync 1 DAGs
[2025-07-09T19:58:19.341+0000] {logging_mixin.py:188} INFO - [2025-07-09T19:58:19.341+0000] {dag.py:3823} INFO - Setting next_dagrun for flight_etl_dag to 2025-07-09 00:00:00+00:00, run_after=2025-07-10 00:00:00+00:00
[2025-07-09T19:58:19.383+0000] {processor.py:183} INFO - Processing /opt/airflow/dags/flight_etl_dag.py took 7.914 seconds
[2025-07-09T19:58:49.816+0000] {processor.py:161} INFO - Started process (PID=588) to work on /opt/airflow/dags/flight_etl_dag.py
[2025-07-09T19:58:49.818+0000] {processor.py:830} INFO - Processing file /opt/airflow/dags/flight_etl_dag.py for tasks to queue
[2025-07-09T19:58:49.822+0000] {logging_mixin.py:188} INFO - [2025-07-09T19:58:49.822+0000] {dagbag.py:538} INFO - Filling up the DagBag from /opt/airflow/dags/flight_etl_dag.py
[2025-07-09T19:58:51.900+0000] {processor.py:840} INFO - DAG(s) 'flight_etl_dag' retrieved from /opt/airflow/dags/flight_etl_dag.py
[2025-07-09T19:58:51.932+0000] {logging_mixin.py:188} INFO - [2025-07-09T19:58:51.932+0000] {dag.py:3036} INFO - Sync 1 DAGs
[2025-07-09T19:58:51.972+0000] {logging_mixin.py:188} INFO - [2025-07-09T19:58:51.971+0000] {dag.py:3823} INFO - Setting next_dagrun for flight_etl_dag to 2025-07-09 00:00:00+00:00, run_after=2025-07-10 00:00:00+00:00
[2025-07-09T19:58:52.021+0000] {processor.py:183} INFO - Processing /opt/airflow/dags/flight_etl_dag.py took 2.211 seconds
[2025-07-09T19:59:22.390+0000] {processor.py:161} INFO - Started process (PID=645) to work on /opt/airflow/dags/flight_etl_dag.py
[2025-07-09T19:59:22.392+0000] {processor.py:830} INFO - Processing file /opt/airflow/dags/flight_etl_dag.py for tasks to queue
[2025-07-09T19:59:22.396+0000] {logging_mixin.py:188} INFO - [2025-07-09T19:59:22.396+0000] {dagbag.py:538} INFO - Filling up the DagBag from /opt/airflow/dags/flight_etl_dag.py
[2025-07-09T19:59:30.672+0000] {processor.py:840} INFO - DAG(s) 'flight_etl_dag' retrieved from /opt/airflow/dags/flight_etl_dag.py
[2025-07-09T19:59:30.695+0000] {logging_mixin.py:188} INFO - [2025-07-09T19:59:30.695+0000] {dag.py:3036} INFO - Sync 1 DAGs
[2025-07-09T19:59:30.722+0000] {logging_mixin.py:188} INFO - [2025-07-09T19:59:30.722+0000] {dag.py:3823} INFO - Setting next_dagrun for flight_etl_dag to 2025-07-09 00:00:00+00:00, run_after=2025-07-10 00:00:00+00:00
[2025-07-09T19:59:30.764+0000] {processor.py:183} INFO - Processing /opt/airflow/dags/flight_etl_dag.py took 8.382 seconds
[2025-07-09T20:00:01.214+0000] {processor.py:161} INFO - Started process (PID=718) to work on /opt/airflow/dags/flight_etl_dag.py
[2025-07-09T20:00:01.216+0000] {processor.py:830} INFO - Processing file /opt/airflow/dags/flight_etl_dag.py for tasks to queue
[2025-07-09T20:00:01.219+0000] {logging_mixin.py:188} INFO - [2025-07-09T20:00:01.219+0000] {dagbag.py:538} INFO - Filling up the DagBag from /opt/airflow/dags/flight_etl_dag.py
[2025-07-09T20:00:03.732+0000] {processor.py:840} INFO - DAG(s) 'flight_etl_dag' retrieved from /opt/airflow/dags/flight_etl_dag.py
[2025-07-09T20:00:03.766+0000] {logging_mixin.py:188} INFO - [2025-07-09T20:00:03.765+0000] {dag.py:3036} INFO - Sync 1 DAGs
[2025-07-09T20:00:03.797+0000] {logging_mixin.py:188} INFO - [2025-07-09T20:00:03.797+0000] {dag.py:3823} INFO - Setting next_dagrun for flight_etl_dag to 2025-07-09 00:00:00+00:00, run_after=2025-07-10 00:00:00+00:00
[2025-07-09T20:00:03.828+0000] {processor.py:183} INFO - Processing /opt/airflow/dags/flight_etl_dag.py took 2.618 seconds
[2025-07-09T20:00:33.935+0000] {processor.py:161} INFO - Started process (PID=779) to work on /opt/airflow/dags/flight_etl_dag.py
[2025-07-09T20:00:33.936+0000] {processor.py:830} INFO - Processing file /opt/airflow/dags/flight_etl_dag.py for tasks to queue
[2025-07-09T20:00:33.939+0000] {logging_mixin.py:188} INFO - [2025-07-09T20:00:33.939+0000] {dagbag.py:538} INFO - Filling up the DagBag from /opt/airflow/dags/flight_etl_dag.py
[2025-07-09T20:00:41.328+0000] {logging_mixin.py:188} INFO - [2025-07-09T20:00:41.065+0000] {dagbag.py:348} ERROR - Failed to import: /opt/airflow/dags/flight_etl_dag.py
Traceback (most recent call last):
  File "/home/airflow/.local/lib/python3.8/site-packages/urllib3/response.py", line 761, in _update_chunk_length
    self.chunk_left = int(line, 16)
ValueError: invalid literal for int() with base 16: b''

During handling of the above exception, another exception occurred:

Traceback (most recent call last):
  File "/home/airflow/.local/lib/python3.8/site-packages/urllib3/response.py", line 444, in _error_catcher
    yield
  File "/home/airflow/.local/lib/python3.8/site-packages/urllib3/response.py", line 828, in read_chunked
    self._update_chunk_length()
  File "/home/airflow/.local/lib/python3.8/site-packages/urllib3/response.py", line 765, in _update_chunk_length
    raise InvalidChunkLength(self, line)
urllib3.exceptions.InvalidChunkLength: InvalidChunkLength(got length b'', 0 bytes read)

During handling of the above exception, another exception occurred:

Traceback (most recent call last):
  File "/home/airflow/.local/lib/python3.8/site-packages/requests/models.py", line 816, in generate
    yield from self.raw.stream(chunk_size, decode_content=True)
  File "/home/airflow/.local/lib/python3.8/site-packages/urllib3/response.py", line 624, in stream
    for line in self.read_chunked(amt, decode_content=decode_content):
  File "/home/airflow/.local/lib/python3.8/site-packages/urllib3/response.py", line 857, in read_chunked
    self._original_response.close()
  File "/usr/local/lib/python3.8/contextlib.py", line 131, in __exit__
    self.gen.throw(type, value, traceback)
  File "/home/airflow/.local/lib/python3.8/site-packages/urllib3/response.py", line 461, in _error_catcher
    raise ProtocolError("Connection broken: %r" % e, e)
urllib3.exceptions.ProtocolError: ("Connection broken: InvalidChunkLength(got length b'', 0 bytes read)", InvalidChunkLength(got length b'', 0 bytes read))

During handling of the above exception, another exception occurred:

Traceback (most recent call last):
  File "/home/airflow/.local/lib/python3.8/site-packages/airflow/models/dagbag.py", line 344, in parse
    loader.exec_module(new_module)
  File "<frozen importlib._bootstrap_external>", line 843, in exec_module
  File "<frozen importlib._bootstrap>", line 219, in _call_with_frames_removed
  File "/opt/airflow/dags/flight_etl_dag.py", line 8, in <module>
    from extract import extract
  File "/opt/airflow/extract.py", line 21, in <module>
    extract()
  File "/opt/airflow/extract.py", line 6, in extract
    response=requests.get(api)
  File "/home/airflow/.local/lib/python3.8/site-packages/requests/api.py", line 73, in get
    return request("get", url, params=params, **kwargs)
  File "/home/airflow/.local/lib/python3.8/site-packages/requests/api.py", line 59, in request
    return session.request(method=method, url=url, **kwargs)
  File "/home/airflow/.local/lib/python3.8/site-packages/requests/sessions.py", line 589, in request
    resp = self.send(prep, **send_kwargs)
  File "/home/airflow/.local/lib/python3.8/site-packages/requests/sessions.py", line 747, in send
    r.content
  File "/home/airflow/.local/lib/python3.8/site-packages/requests/models.py", line 899, in content
    self._content = b"".join(self.iter_content(CONTENT_CHUNK_SIZE)) or b""
  File "/home/airflow/.local/lib/python3.8/site-packages/requests/models.py", line 818, in generate
    raise ChunkedEncodingError(e)
requests.exceptions.ChunkedEncodingError: ("Connection broken: InvalidChunkLength(got length b'', 0 bytes read)", InvalidChunkLength(got length b'', 0 bytes read))
[2025-07-09T20:00:41.337+0000] {processor.py:842} WARNING - No viable dags retrieved from /opt/airflow/dags/flight_etl_dag.py
[2025-07-09T20:00:41.484+0000] {processor.py:183} INFO - Processing /opt/airflow/dags/flight_etl_dag.py took 7.554 seconds
[2025-07-09T22:48:57.364+0000] {processor.py:161} INFO - Started process (PID=813) to work on /opt/airflow/dags/flight_etl_dag.py
[2025-07-09T22:48:57.367+0000] {processor.py:830} INFO - Processing file /opt/airflow/dags/flight_etl_dag.py for tasks to queue
[2025-07-09T22:48:57.381+0000] {logging_mixin.py:188} INFO - [2025-07-09T22:48:57.380+0000] {dagbag.py:538} INFO - Filling up the DagBag from /opt/airflow/dags/flight_etl_dag.py
[2025-07-09T22:49:01.173+0000] {processor.py:840} INFO - DAG(s) 'flight_etl_dag' retrieved from /opt/airflow/dags/flight_etl_dag.py
[2025-07-09T22:49:01.220+0000] {logging_mixin.py:188} INFO - [2025-07-09T22:49:01.219+0000] {dag.py:3036} INFO - Sync 1 DAGs
[2025-07-09T22:49:01.269+0000] {logging_mixin.py:188} INFO - [2025-07-09T22:49:01.268+0000] {dag.py:3823} INFO - Setting next_dagrun for flight_etl_dag to 2025-07-09 00:00:00+00:00, run_after=2025-07-10 00:00:00+00:00
[2025-07-09T22:49:01.329+0000] {processor.py:183} INFO - Processing /opt/airflow/dags/flight_etl_dag.py took 3.976 seconds
[2025-07-09T22:49:31.745+0000] {processor.py:161} INFO - Started process (PID=879) to work on /opt/airflow/dags/flight_etl_dag.py
[2025-07-09T22:49:31.747+0000] {processor.py:830} INFO - Processing file /opt/airflow/dags/flight_etl_dag.py for tasks to queue
[2025-07-09T22:49:31.752+0000] {logging_mixin.py:188} INFO - [2025-07-09T22:49:31.751+0000] {dagbag.py:538} INFO - Filling up the DagBag from /opt/airflow/dags/flight_etl_dag.py
[2025-07-09T22:49:33.814+0000] {processor.py:840} INFO - DAG(s) 'flight_etl_dag' retrieved from /opt/airflow/dags/flight_etl_dag.py
[2025-07-09T22:49:33.842+0000] {logging_mixin.py:188} INFO - [2025-07-09T22:49:33.842+0000] {dag.py:3036} INFO - Sync 1 DAGs
[2025-07-09T22:49:33.869+0000] {logging_mixin.py:188} INFO - [2025-07-09T22:49:33.869+0000] {dag.py:3823} INFO - Setting next_dagrun for flight_etl_dag to 2025-07-09 00:00:00+00:00, run_after=2025-07-10 00:00:00+00:00
[2025-07-09T22:49:33.912+0000] {processor.py:183} INFO - Processing /opt/airflow/dags/flight_etl_dag.py took 2.176 seconds
[2025-07-09T22:50:04.005+0000] {processor.py:161} INFO - Started process (PID=946) to work on /opt/airflow/dags/flight_etl_dag.py
[2025-07-09T22:50:04.007+0000] {processor.py:830} INFO - Processing file /opt/airflow/dags/flight_etl_dag.py for tasks to queue
[2025-07-09T22:50:04.009+0000] {logging_mixin.py:188} INFO - [2025-07-09T22:50:04.009+0000] {dagbag.py:538} INFO - Filling up the DagBag from /opt/airflow/dags/flight_etl_dag.py
[2025-07-09T22:50:06.102+0000] {processor.py:840} INFO - DAG(s) 'flight_etl_dag' retrieved from /opt/airflow/dags/flight_etl_dag.py
[2025-07-09T22:50:06.127+0000] {logging_mixin.py:188} INFO - [2025-07-09T22:50:06.126+0000] {dag.py:3036} INFO - Sync 1 DAGs
[2025-07-09T22:50:06.161+0000] {logging_mixin.py:188} INFO - [2025-07-09T22:50:06.161+0000] {dag.py:3823} INFO - Setting next_dagrun for flight_etl_dag to 2025-07-09 00:00:00+00:00, run_after=2025-07-10 00:00:00+00:00
[2025-07-09T22:50:06.196+0000] {processor.py:183} INFO - Processing /opt/airflow/dags/flight_etl_dag.py took 2.195 seconds
[2025-07-09T22:50:36.650+0000] {processor.py:161} INFO - Started process (PID=1017) to work on /opt/airflow/dags/flight_etl_dag.py
[2025-07-09T22:50:36.653+0000] {processor.py:830} INFO - Processing file /opt/airflow/dags/flight_etl_dag.py for tasks to queue
[2025-07-09T22:50:36.659+0000] {logging_mixin.py:188} INFO - [2025-07-09T22:50:36.658+0000] {dagbag.py:538} INFO - Filling up the DagBag from /opt/airflow/dags/flight_etl_dag.py
[2025-07-09T22:50:40.482+0000] {processor.py:840} INFO - DAG(s) 'flight_etl_dag' retrieved from /opt/airflow/dags/flight_etl_dag.py
[2025-07-09T22:50:40.526+0000] {logging_mixin.py:188} INFO - [2025-07-09T22:50:40.525+0000] {dag.py:3036} INFO - Sync 1 DAGs
[2025-07-09T22:50:40.558+0000] {logging_mixin.py:188} INFO - [2025-07-09T22:50:40.558+0000] {dag.py:3823} INFO - Setting next_dagrun for flight_etl_dag to 2025-07-09 00:00:00+00:00, run_after=2025-07-10 00:00:00+00:00
[2025-07-09T22:50:40.597+0000] {processor.py:183} INFO - Processing /opt/airflow/dags/flight_etl_dag.py took 3.961 seconds
[2025-07-09T22:51:10.725+0000] {processor.py:161} INFO - Started process (PID=1089) to work on /opt/airflow/dags/flight_etl_dag.py
[2025-07-09T22:51:10.726+0000] {processor.py:830} INFO - Processing file /opt/airflow/dags/flight_etl_dag.py for tasks to queue
[2025-07-09T22:51:10.729+0000] {logging_mixin.py:188} INFO - [2025-07-09T22:51:10.729+0000] {dagbag.py:538} INFO - Filling up the DagBag from /opt/airflow/dags/flight_etl_dag.py
[2025-07-09T22:51:18.389+0000] {processor.py:840} INFO - DAG(s) 'flight_etl_dag' retrieved from /opt/airflow/dags/flight_etl_dag.py
[2025-07-09T22:51:18.414+0000] {logging_mixin.py:188} INFO - [2025-07-09T22:51:18.413+0000] {dag.py:3036} INFO - Sync 1 DAGs
[2025-07-09T22:51:18.440+0000] {logging_mixin.py:188} INFO - [2025-07-09T22:51:18.440+0000] {dag.py:3823} INFO - Setting next_dagrun for flight_etl_dag to 2025-07-09 00:00:00+00:00, run_after=2025-07-10 00:00:00+00:00
[2025-07-09T22:51:18.471+0000] {processor.py:183} INFO - Processing /opt/airflow/dags/flight_etl_dag.py took 7.751 seconds
[2025-07-09T22:51:48.956+0000] {processor.py:161} INFO - Started process (PID=1153) to work on /opt/airflow/dags/flight_etl_dag.py
[2025-07-09T22:51:48.960+0000] {processor.py:830} INFO - Processing file /opt/airflow/dags/flight_etl_dag.py for tasks to queue
[2025-07-09T22:51:48.964+0000] {logging_mixin.py:188} INFO - [2025-07-09T22:51:48.963+0000] {dagbag.py:538} INFO - Filling up the DagBag from /opt/airflow/dags/flight_etl_dag.py
[2025-07-09T22:51:51.366+0000] {processor.py:840} INFO - DAG(s) 'flight_etl_dag' retrieved from /opt/airflow/dags/flight_etl_dag.py
[2025-07-09T22:51:51.405+0000] {logging_mixin.py:188} INFO - [2025-07-09T22:51:51.404+0000] {dag.py:3036} INFO - Sync 1 DAGs
[2025-07-09T22:51:51.449+0000] {logging_mixin.py:188} INFO - [2025-07-09T22:51:51.449+0000] {dag.py:3823} INFO - Setting next_dagrun for flight_etl_dag to 2025-07-09 00:00:00+00:00, run_after=2025-07-10 00:00:00+00:00
[2025-07-09T22:51:51.498+0000] {processor.py:183} INFO - Processing /opt/airflow/dags/flight_etl_dag.py took 2.547 seconds
[2025-07-09T22:52:21.812+0000] {processor.py:161} INFO - Started process (PID=1210) to work on /opt/airflow/dags/flight_etl_dag.py
[2025-07-09T22:52:21.814+0000] {processor.py:830} INFO - Processing file /opt/airflow/dags/flight_etl_dag.py for tasks to queue
[2025-07-09T22:52:21.818+0000] {logging_mixin.py:188} INFO - [2025-07-09T22:52:21.817+0000] {dagbag.py:538} INFO - Filling up the DagBag from /opt/airflow/dags/flight_etl_dag.py
[2025-07-09T22:52:30.133+0000] {processor.py:840} INFO - DAG(s) 'flight_etl_dag' retrieved from /opt/airflow/dags/flight_etl_dag.py
[2025-07-09T22:52:30.162+0000] {logging_mixin.py:188} INFO - [2025-07-09T22:52:30.162+0000] {dag.py:3036} INFO - Sync 1 DAGs
[2025-07-09T22:52:30.200+0000] {logging_mixin.py:188} INFO - [2025-07-09T22:52:30.200+0000] {dag.py:3823} INFO - Setting next_dagrun for flight_etl_dag to 2025-07-09 00:00:00+00:00, run_after=2025-07-10 00:00:00+00:00
[2025-07-09T22:52:30.250+0000] {processor.py:183} INFO - Processing /opt/airflow/dags/flight_etl_dag.py took 8.442 seconds
[2025-07-09T22:53:01.143+0000] {processor.py:161} INFO - Started process (PID=1268) to work on /opt/airflow/dags/flight_etl_dag.py
[2025-07-09T22:53:01.146+0000] {processor.py:830} INFO - Processing file /opt/airflow/dags/flight_etl_dag.py for tasks to queue
[2025-07-09T22:53:01.150+0000] {logging_mixin.py:188} INFO - [2025-07-09T22:53:01.150+0000] {dagbag.py:538} INFO - Filling up the DagBag from /opt/airflow/dags/flight_etl_dag.py
[2025-07-09T22:53:03.135+0000] {processor.py:840} INFO - DAG(s) 'flight_etl_dag' retrieved from /opt/airflow/dags/flight_etl_dag.py
[2025-07-09T22:53:03.170+0000] {logging_mixin.py:188} INFO - [2025-07-09T22:53:03.169+0000] {dag.py:3036} INFO - Sync 1 DAGs
[2025-07-09T22:53:03.202+0000] {logging_mixin.py:188} INFO - [2025-07-09T22:53:03.201+0000] {dag.py:3823} INFO - Setting next_dagrun for flight_etl_dag to 2025-07-09 00:00:00+00:00, run_after=2025-07-10 00:00:00+00:00
[2025-07-09T22:53:03.242+0000] {processor.py:183} INFO - Processing /opt/airflow/dags/flight_etl_dag.py took 2.106 seconds
[2025-07-09T22:53:33.989+0000] {processor.py:161} INFO - Started process (PID=1328) to work on /opt/airflow/dags/flight_etl_dag.py
[2025-07-09T22:53:33.991+0000] {processor.py:830} INFO - Processing file /opt/airflow/dags/flight_etl_dag.py for tasks to queue
[2025-07-09T22:53:33.994+0000] {logging_mixin.py:188} INFO - [2025-07-09T22:53:33.994+0000] {dagbag.py:538} INFO - Filling up the DagBag from /opt/airflow/dags/flight_etl_dag.py
[2025-07-09T22:53:41.637+0000] {processor.py:840} INFO - DAG(s) 'flight_etl_dag' retrieved from /opt/airflow/dags/flight_etl_dag.py
[2025-07-09T22:53:41.661+0000] {logging_mixin.py:188} INFO - [2025-07-09T22:53:41.660+0000] {dag.py:3036} INFO - Sync 1 DAGs
[2025-07-09T22:53:41.688+0000] {logging_mixin.py:188} INFO - [2025-07-09T22:53:41.687+0000] {dag.py:3823} INFO - Setting next_dagrun for flight_etl_dag to 2025-07-09 00:00:00+00:00, run_after=2025-07-10 00:00:00+00:00
[2025-07-09T22:53:41.717+0000] {processor.py:183} INFO - Processing /opt/airflow/dags/flight_etl_dag.py took 7.737 seconds
[2025-07-09T22:54:11.935+0000] {processor.py:161} INFO - Started process (PID=1419) to work on /opt/airflow/dags/flight_etl_dag.py
[2025-07-09T22:54:11.937+0000] {processor.py:830} INFO - Processing file /opt/airflow/dags/flight_etl_dag.py for tasks to queue
[2025-07-09T22:54:11.940+0000] {logging_mixin.py:188} INFO - [2025-07-09T22:54:11.939+0000] {dagbag.py:538} INFO - Filling up the DagBag from /opt/airflow/dags/flight_etl_dag.py
[2025-07-09T22:54:14.336+0000] {processor.py:840} INFO - DAG(s) 'flight_etl_dag' retrieved from /opt/airflow/dags/flight_etl_dag.py
[2025-07-09T22:54:14.365+0000] {logging_mixin.py:188} INFO - [2025-07-09T22:54:14.364+0000] {dag.py:3036} INFO - Sync 1 DAGs
[2025-07-09T22:54:14.418+0000] {logging_mixin.py:188} INFO - [2025-07-09T22:54:14.418+0000] {dag.py:3823} INFO - Setting next_dagrun for flight_etl_dag to 2025-07-09 00:00:00+00:00, run_after=2025-07-10 00:00:00+00:00
[2025-07-09T22:54:14.459+0000] {processor.py:183} INFO - Processing /opt/airflow/dags/flight_etl_dag.py took 2.528 seconds
[2025-07-09T22:54:44.637+0000] {processor.py:161} INFO - Started process (PID=1486) to work on /opt/airflow/dags/flight_etl_dag.py
[2025-07-09T22:54:44.639+0000] {processor.py:830} INFO - Processing file /opt/airflow/dags/flight_etl_dag.py for tasks to queue
[2025-07-09T22:54:44.643+0000] {logging_mixin.py:188} INFO - [2025-07-09T22:54:44.643+0000] {dagbag.py:538} INFO - Filling up the DagBag from /opt/airflow/dags/flight_etl_dag.py
[2025-07-09T22:54:46.480+0000] {processor.py:840} INFO - DAG(s) 'flight_etl_dag' retrieved from /opt/airflow/dags/flight_etl_dag.py
[2025-07-09T22:54:46.520+0000] {logging_mixin.py:188} INFO - [2025-07-09T22:54:46.519+0000] {dag.py:3036} INFO - Sync 1 DAGs
[2025-07-09T22:54:46.566+0000] {logging_mixin.py:188} INFO - [2025-07-09T22:54:46.566+0000] {dag.py:3823} INFO - Setting next_dagrun for flight_etl_dag to 2025-07-09 00:00:00+00:00, run_after=2025-07-10 00:00:00+00:00
[2025-07-09T22:54:46.600+0000] {processor.py:183} INFO - Processing /opt/airflow/dags/flight_etl_dag.py took 1.967 seconds
[2025-07-09T22:55:17.327+0000] {processor.py:161} INFO - Started process (PID=1548) to work on /opt/airflow/dags/flight_etl_dag.py
[2025-07-09T22:55:17.330+0000] {processor.py:830} INFO - Processing file /opt/airflow/dags/flight_etl_dag.py for tasks to queue
[2025-07-09T22:55:17.334+0000] {logging_mixin.py:188} INFO - [2025-07-09T22:55:17.334+0000] {dagbag.py:538} INFO - Filling up the DagBag from /opt/airflow/dags/flight_etl_dag.py
[2025-07-09T22:55:24.879+0000] {processor.py:840} INFO - DAG(s) 'flight_etl_dag' retrieved from /opt/airflow/dags/flight_etl_dag.py
[2025-07-09T22:55:24.913+0000] {logging_mixin.py:188} INFO - [2025-07-09T22:55:24.912+0000] {dag.py:3036} INFO - Sync 1 DAGs
[2025-07-09T22:55:24.952+0000] {logging_mixin.py:188} INFO - [2025-07-09T22:55:24.951+0000] {dag.py:3823} INFO - Setting next_dagrun for flight_etl_dag to 2025-07-09 00:00:00+00:00, run_after=2025-07-10 00:00:00+00:00
[2025-07-09T22:55:25.002+0000] {processor.py:183} INFO - Processing /opt/airflow/dags/flight_etl_dag.py took 7.682 seconds
[2025-07-09T22:55:55.639+0000] {processor.py:161} INFO - Started process (PID=1607) to work on /opt/airflow/dags/flight_etl_dag.py
[2025-07-09T22:55:55.641+0000] {processor.py:830} INFO - Processing file /opt/airflow/dags/flight_etl_dag.py for tasks to queue
[2025-07-09T22:55:55.644+0000] {logging_mixin.py:188} INFO - [2025-07-09T22:55:55.643+0000] {dagbag.py:538} INFO - Filling up the DagBag from /opt/airflow/dags/flight_etl_dag.py
[2025-07-09T22:55:57.635+0000] {processor.py:840} INFO - DAG(s) 'flight_etl_dag' retrieved from /opt/airflow/dags/flight_etl_dag.py
[2025-07-09T22:55:57.670+0000] {logging_mixin.py:188} INFO - [2025-07-09T22:55:57.669+0000] {dag.py:3036} INFO - Sync 1 DAGs
[2025-07-09T22:55:57.697+0000] {logging_mixin.py:188} INFO - [2025-07-09T22:55:57.697+0000] {dag.py:3823} INFO - Setting next_dagrun for flight_etl_dag to 2025-07-09 00:00:00+00:00, run_after=2025-07-10 00:00:00+00:00
[2025-07-09T22:55:57.727+0000] {processor.py:183} INFO - Processing /opt/airflow/dags/flight_etl_dag.py took 2.093 seconds
[2025-07-09T23:01:46.449+0000] {processor.py:161} INFO - Started process (PID=60) to work on /opt/airflow/dags/flight_etl_dag.py
[2025-07-09T23:01:46.454+0000] {processor.py:830} INFO - Processing file /opt/airflow/dags/flight_etl_dag.py for tasks to queue
[2025-07-09T23:01:46.462+0000] {logging_mixin.py:188} INFO - [2025-07-09T23:01:46.461+0000] {dagbag.py:538} INFO - Filling up the DagBag from /opt/airflow/dags/flight_etl_dag.py
[2025-07-09T23:01:52.504+0000] {processor.py:840} INFO - DAG(s) 'flight_etl_dag' retrieved from /opt/airflow/dags/flight_etl_dag.py
[2025-07-09T23:01:52.711+0000] {logging_mixin.py:188} INFO - [2025-07-09T23:01:52.709+0000] {override.py:1769} INFO - Created Permission View: can edit on DAG:flight_etl_dag
[2025-07-09T23:01:52.739+0000] {logging_mixin.py:188} INFO - [2025-07-09T23:01:52.738+0000] {override.py:1769} INFO - Created Permission View: can delete on DAG:flight_etl_dag
[2025-07-09T23:01:52.760+0000] {logging_mixin.py:188} INFO - [2025-07-09T23:01:52.760+0000] {override.py:1769} INFO - Created Permission View: can read on DAG:flight_etl_dag
[2025-07-09T23:01:52.763+0000] {logging_mixin.py:188} INFO - [2025-07-09T23:01:52.762+0000] {dag.py:3036} INFO - Sync 1 DAGs
[2025-07-09T23:01:52.789+0000] {logging_mixin.py:188} INFO - [2025-07-09T23:01:52.788+0000] {dag.py:3058} INFO - Creating ORM DAG for flight_etl_dag
[2025-07-09T23:01:52.828+0000] {logging_mixin.py:188} INFO - [2025-07-09T23:01:52.827+0000] {dag.py:3823} INFO - Setting next_dagrun for flight_etl_dag to 2025-07-08 00:00:00+00:00, run_after=2025-07-09 00:00:00+00:00
[2025-07-09T23:01:52.887+0000] {processor.py:183} INFO - Processing /opt/airflow/dags/flight_etl_dag.py took 6.448 seconds
[2025-07-09T23:02:23.012+0000] {processor.py:161} INFO - Started process (PID=129) to work on /opt/airflow/dags/flight_etl_dag.py
[2025-07-09T23:02:23.015+0000] {processor.py:830} INFO - Processing file /opt/airflow/dags/flight_etl_dag.py for tasks to queue
[2025-07-09T23:02:23.019+0000] {logging_mixin.py:188} INFO - [2025-07-09T23:02:23.018+0000] {dagbag.py:538} INFO - Filling up the DagBag from /opt/airflow/dags/flight_etl_dag.py
[2025-07-09T23:02:26.377+0000] {processor.py:840} INFO - DAG(s) 'flight_etl_dag' retrieved from /opt/airflow/dags/flight_etl_dag.py
[2025-07-09T23:02:26.407+0000] {logging_mixin.py:188} INFO - [2025-07-09T23:02:26.407+0000] {dag.py:3036} INFO - Sync 1 DAGs
[2025-07-09T23:02:26.436+0000] {logging_mixin.py:188} INFO - [2025-07-09T23:02:26.435+0000] {dag.py:3823} INFO - Setting next_dagrun for flight_etl_dag to 2025-07-08 00:00:00+00:00, run_after=2025-07-09 00:00:00+00:00
[2025-07-09T23:02:26.473+0000] {processor.py:183} INFO - Processing /opt/airflow/dags/flight_etl_dag.py took 3.468 seconds
[2025-07-09T23:02:56.686+0000] {processor.py:161} INFO - Started process (PID=200) to work on /opt/airflow/dags/flight_etl_dag.py
[2025-07-09T23:02:56.688+0000] {processor.py:830} INFO - Processing file /opt/airflow/dags/flight_etl_dag.py for tasks to queue
[2025-07-09T23:02:56.691+0000] {logging_mixin.py:188} INFO - [2025-07-09T23:02:56.690+0000] {dagbag.py:538} INFO - Filling up the DagBag from /opt/airflow/dags/flight_etl_dag.py
[2025-07-09T23:02:58.585+0000] {processor.py:840} INFO - DAG(s) 'flight_etl_dag' retrieved from /opt/airflow/dags/flight_etl_dag.py
[2025-07-09T23:02:58.613+0000] {logging_mixin.py:188} INFO - [2025-07-09T23:02:58.612+0000] {dag.py:3036} INFO - Sync 1 DAGs
[2025-07-09T23:02:58.645+0000] {logging_mixin.py:188} INFO - [2025-07-09T23:02:58.645+0000] {dag.py:3823} INFO - Setting next_dagrun for flight_etl_dag to 2025-07-09 00:00:00+00:00, run_after=2025-07-10 00:00:00+00:00
[2025-07-09T23:02:58.697+0000] {processor.py:183} INFO - Processing /opt/airflow/dags/flight_etl_dag.py took 2.015 seconds
[2025-07-09T23:03:28.949+0000] {processor.py:161} INFO - Started process (PID=267) to work on /opt/airflow/dags/flight_etl_dag.py
[2025-07-09T23:03:28.951+0000] {processor.py:830} INFO - Processing file /opt/airflow/dags/flight_etl_dag.py for tasks to queue
[2025-07-09T23:03:28.954+0000] {logging_mixin.py:188} INFO - [2025-07-09T23:03:28.954+0000] {dagbag.py:538} INFO - Filling up the DagBag from /opt/airflow/dags/flight_etl_dag.py
[2025-07-09T23:03:32.038+0000] {processor.py:840} INFO - DAG(s) 'flight_etl_dag' retrieved from /opt/airflow/dags/flight_etl_dag.py
[2025-07-09T23:03:32.069+0000] {logging_mixin.py:188} INFO - [2025-07-09T23:03:32.068+0000] {dag.py:3036} INFO - Sync 1 DAGs
[2025-07-09T23:03:32.095+0000] {logging_mixin.py:188} INFO - [2025-07-09T23:03:32.095+0000] {dag.py:3823} INFO - Setting next_dagrun for flight_etl_dag to 2025-07-09 00:00:00+00:00, run_after=2025-07-10 00:00:00+00:00
[2025-07-09T23:03:32.123+0000] {processor.py:183} INFO - Processing /opt/airflow/dags/flight_etl_dag.py took 3.179 seconds
[2025-07-09T23:04:02.364+0000] {processor.py:161} INFO - Started process (PID=336) to work on /opt/airflow/dags/flight_etl_dag.py
[2025-07-09T23:04:02.365+0000] {processor.py:830} INFO - Processing file /opt/airflow/dags/flight_etl_dag.py for tasks to queue
[2025-07-09T23:04:02.369+0000] {logging_mixin.py:188} INFO - [2025-07-09T23:04:02.368+0000] {dagbag.py:538} INFO - Filling up the DagBag from /opt/airflow/dags/flight_etl_dag.py
[2025-07-09T23:04:09.743+0000] {processor.py:840} INFO - DAG(s) 'flight_etl_dag' retrieved from /opt/airflow/dags/flight_etl_dag.py
[2025-07-09T23:04:09.775+0000] {logging_mixin.py:188} INFO - [2025-07-09T23:04:09.774+0000] {dag.py:3036} INFO - Sync 1 DAGs
[2025-07-09T23:04:09.823+0000] {logging_mixin.py:188} INFO - [2025-07-09T23:04:09.823+0000] {dag.py:3823} INFO - Setting next_dagrun for flight_etl_dag to 2025-07-09 00:00:00+00:00, run_after=2025-07-10 00:00:00+00:00
[2025-07-09T23:04:09.870+0000] {processor.py:183} INFO - Processing /opt/airflow/dags/flight_etl_dag.py took 7.516 seconds
[2025-07-09T23:04:40.189+0000] {processor.py:161} INFO - Started process (PID=411) to work on /opt/airflow/dags/flight_etl_dag.py
[2025-07-09T23:04:40.194+0000] {processor.py:830} INFO - Processing file /opt/airflow/dags/flight_etl_dag.py for tasks to queue
[2025-07-09T23:04:40.197+0000] {logging_mixin.py:188} INFO - [2025-07-09T23:04:40.197+0000] {dagbag.py:538} INFO - Filling up the DagBag from /opt/airflow/dags/flight_etl_dag.py
[2025-07-09T23:04:42.323+0000] {processor.py:840} INFO - DAG(s) 'flight_etl_dag' retrieved from /opt/airflow/dags/flight_etl_dag.py
[2025-07-09T23:04:42.357+0000] {logging_mixin.py:188} INFO - [2025-07-09T23:04:42.357+0000] {dag.py:3036} INFO - Sync 1 DAGs
[2025-07-09T23:04:42.388+0000] {logging_mixin.py:188} INFO - [2025-07-09T23:04:42.388+0000] {dag.py:3823} INFO - Setting next_dagrun for flight_etl_dag to 2025-07-09 00:00:00+00:00, run_after=2025-07-10 00:00:00+00:00
[2025-07-09T23:04:42.439+0000] {processor.py:183} INFO - Processing /opt/airflow/dags/flight_etl_dag.py took 2.256 seconds
[2025-07-09T23:05:12.611+0000] {processor.py:161} INFO - Started process (PID=468) to work on /opt/airflow/dags/flight_etl_dag.py
[2025-07-09T23:05:12.613+0000] {processor.py:830} INFO - Processing file /opt/airflow/dags/flight_etl_dag.py for tasks to queue
[2025-07-09T23:05:12.616+0000] {logging_mixin.py:188} INFO - [2025-07-09T23:05:12.615+0000] {dagbag.py:538} INFO - Filling up the DagBag from /opt/airflow/dags/flight_etl_dag.py
[2025-07-09T23:05:19.580+0000] {processor.py:840} INFO - DAG(s) 'flight_etl_dag' retrieved from /opt/airflow/dags/flight_etl_dag.py
[2025-07-09T23:05:19.615+0000] {logging_mixin.py:188} INFO - [2025-07-09T23:05:19.614+0000] {dag.py:3036} INFO - Sync 1 DAGs
[2025-07-09T23:05:19.665+0000] {logging_mixin.py:188} INFO - [2025-07-09T23:05:19.664+0000] {dag.py:3823} INFO - Setting next_dagrun for flight_etl_dag to 2025-07-09 00:00:00+00:00, run_after=2025-07-10 00:00:00+00:00
[2025-07-09T23:05:19.699+0000] {processor.py:183} INFO - Processing /opt/airflow/dags/flight_etl_dag.py took 7.093 seconds
[2025-07-09T23:05:50.458+0000] {processor.py:161} INFO - Started process (PID=532) to work on /opt/airflow/dags/flight_etl_dag.py
[2025-07-09T23:05:50.461+0000] {processor.py:830} INFO - Processing file /opt/airflow/dags/flight_etl_dag.py for tasks to queue
[2025-07-09T23:05:50.465+0000] {logging_mixin.py:188} INFO - [2025-07-09T23:05:50.464+0000] {dagbag.py:538} INFO - Filling up the DagBag from /opt/airflow/dags/flight_etl_dag.py
[2025-07-09T23:05:57.510+0000] {processor.py:840} INFO - DAG(s) 'flight_etl_dag' retrieved from /opt/airflow/dags/flight_etl_dag.py
[2025-07-09T23:05:57.539+0000] {logging_mixin.py:188} INFO - [2025-07-09T23:05:57.538+0000] {dag.py:3036} INFO - Sync 1 DAGs
[2025-07-09T23:05:57.575+0000] {logging_mixin.py:188} INFO - [2025-07-09T23:05:57.574+0000] {dag.py:3823} INFO - Setting next_dagrun for flight_etl_dag to 2025-07-09 00:00:00+00:00, run_after=2025-07-10 00:00:00+00:00
[2025-07-09T23:05:57.614+0000] {processor.py:183} INFO - Processing /opt/airflow/dags/flight_etl_dag.py took 7.162 seconds
[2025-07-09T23:06:27.854+0000] {processor.py:161} INFO - Started process (PID=596) to work on /opt/airflow/dags/flight_etl_dag.py
[2025-07-09T23:06:27.857+0000] {processor.py:830} INFO - Processing file /opt/airflow/dags/flight_etl_dag.py for tasks to queue
[2025-07-09T23:06:27.863+0000] {logging_mixin.py:188} INFO - [2025-07-09T23:06:27.862+0000] {dagbag.py:538} INFO - Filling up the DagBag from /opt/airflow/dags/flight_etl_dag.py
[2025-07-09T23:06:35.274+0000] {processor.py:840} INFO - DAG(s) 'flight_etl_dag' retrieved from /opt/airflow/dags/flight_etl_dag.py
[2025-07-09T23:06:35.300+0000] {logging_mixin.py:188} INFO - [2025-07-09T23:06:35.299+0000] {dag.py:3036} INFO - Sync 1 DAGs
[2025-07-09T23:06:35.334+0000] {logging_mixin.py:188} INFO - [2025-07-09T23:06:35.333+0000] {dag.py:3823} INFO - Setting next_dagrun for flight_etl_dag to 2025-07-09 00:00:00+00:00, run_after=2025-07-10 00:00:00+00:00
[2025-07-09T23:06:35.381+0000] {processor.py:183} INFO - Processing /opt/airflow/dags/flight_etl_dag.py took 7.535 seconds
[2025-07-09T23:07:05.541+0000] {processor.py:161} INFO - Started process (PID=678) to work on /opt/airflow/dags/flight_etl_dag.py
[2025-07-09T23:07:05.543+0000] {processor.py:830} INFO - Processing file /opt/airflow/dags/flight_etl_dag.py for tasks to queue
[2025-07-09T23:07:05.546+0000] {logging_mixin.py:188} INFO - [2025-07-09T23:07:05.545+0000] {dagbag.py:538} INFO - Filling up the DagBag from /opt/airflow/dags/flight_etl_dag.py
[2025-07-09T23:07:07.551+0000] {processor.py:840} INFO - DAG(s) 'flight_etl_dag' retrieved from /opt/airflow/dags/flight_etl_dag.py
[2025-07-09T23:07:07.578+0000] {logging_mixin.py:188} INFO - [2025-07-09T23:07:07.577+0000] {dag.py:3036} INFO - Sync 1 DAGs
[2025-07-09T23:07:07.608+0000] {logging_mixin.py:188} INFO - [2025-07-09T23:07:07.608+0000] {dag.py:3823} INFO - Setting next_dagrun for flight_etl_dag to 2025-07-09 00:00:00+00:00, run_after=2025-07-10 00:00:00+00:00
[2025-07-09T23:07:07.642+0000] {processor.py:183} INFO - Processing /opt/airflow/dags/flight_etl_dag.py took 2.107 seconds
[2025-07-09T23:07:37.794+0000] {processor.py:161} INFO - Started process (PID=745) to work on /opt/airflow/dags/flight_etl_dag.py
[2025-07-09T23:07:37.796+0000] {processor.py:830} INFO - Processing file /opt/airflow/dags/flight_etl_dag.py for tasks to queue
[2025-07-09T23:07:37.800+0000] {logging_mixin.py:188} INFO - [2025-07-09T23:07:37.800+0000] {dagbag.py:538} INFO - Filling up the DagBag from /opt/airflow/dags/flight_etl_dag.py
[2025-07-09T23:07:40.084+0000] {processor.py:840} INFO - DAG(s) 'flight_etl_dag' retrieved from /opt/airflow/dags/flight_etl_dag.py
[2025-07-09T23:07:40.124+0000] {logging_mixin.py:188} INFO - [2025-07-09T23:07:40.124+0000] {dag.py:3036} INFO - Sync 1 DAGs
[2025-07-09T23:07:40.163+0000] {logging_mixin.py:188} INFO - [2025-07-09T23:07:40.162+0000] {dag.py:3823} INFO - Setting next_dagrun for flight_etl_dag to 2025-07-09 00:00:00+00:00, run_after=2025-07-10 00:00:00+00:00
[2025-07-09T23:07:40.211+0000] {processor.py:183} INFO - Processing /opt/airflow/dags/flight_etl_dag.py took 2.420 seconds
[2025-07-09T23:08:10.612+0000] {processor.py:161} INFO - Started process (PID=807) to work on /opt/airflow/dags/flight_etl_dag.py
[2025-07-09T23:08:10.615+0000] {processor.py:830} INFO - Processing file /opt/airflow/dags/flight_etl_dag.py for tasks to queue
[2025-07-09T23:08:10.621+0000] {logging_mixin.py:188} INFO - [2025-07-09T23:08:10.620+0000] {dagbag.py:538} INFO - Filling up the DagBag from /opt/airflow/dags/flight_etl_dag.py
[2025-07-09T23:08:17.875+0000] {processor.py:840} INFO - DAG(s) 'flight_etl_dag' retrieved from /opt/airflow/dags/flight_etl_dag.py
[2025-07-09T23:08:17.912+0000] {logging_mixin.py:188} INFO - [2025-07-09T23:08:17.911+0000] {dag.py:3036} INFO - Sync 1 DAGs
[2025-07-09T23:08:17.954+0000] {logging_mixin.py:188} INFO - [2025-07-09T23:08:17.953+0000] {dag.py:3823} INFO - Setting next_dagrun for flight_etl_dag to 2025-07-09 00:00:00+00:00, run_after=2025-07-10 00:00:00+00:00
[2025-07-09T23:08:18.006+0000] {processor.py:183} INFO - Processing /opt/airflow/dags/flight_etl_dag.py took 7.401 seconds
[2025-07-09T23:49:25.917+0000] {processor.py:161} INFO - Started process (PID=61) to work on /opt/airflow/dags/flight_etl_dag.py
[2025-07-09T23:49:25.919+0000] {processor.py:830} INFO - Processing file /opt/airflow/dags/flight_etl_dag.py for tasks to queue
[2025-07-09T23:49:25.922+0000] {logging_mixin.py:188} INFO - [2025-07-09T23:49:25.922+0000] {dagbag.py:538} INFO - Filling up the DagBag from /opt/airflow/dags/flight_etl_dag.py
[2025-07-09T23:49:45.791+0000] {processor.py:161} INFO - Started process (PID=60) to work on /opt/airflow/dags/flight_etl_dag.py
[2025-07-09T23:49:45.793+0000] {processor.py:830} INFO - Processing file /opt/airflow/dags/flight_etl_dag.py for tasks to queue
[2025-07-09T23:49:45.797+0000] {logging_mixin.py:188} INFO - [2025-07-09T23:49:45.797+0000] {dagbag.py:538} INFO - Filling up the DagBag from /opt/airflow/dags/flight_etl_dag.py
[2025-07-09T23:49:48.766+0000] {processor.py:840} INFO - DAG(s) 'flight_etl_dag' retrieved from /opt/airflow/dags/flight_etl_dag.py
[2025-07-09T23:49:48.907+0000] {logging_mixin.py:188} INFO - [2025-07-09T23:49:48.906+0000] {override.py:1769} INFO - Created Permission View: can delete on DAG:flight_etl_dag
[2025-07-09T23:49:48.922+0000] {logging_mixin.py:188} INFO - [2025-07-09T23:49:48.922+0000] {override.py:1769} INFO - Created Permission View: can read on DAG:flight_etl_dag
[2025-07-09T23:49:48.934+0000] {logging_mixin.py:188} INFO - [2025-07-09T23:49:48.933+0000] {override.py:1769} INFO - Created Permission View: can edit on DAG:flight_etl_dag
[2025-07-09T23:49:48.935+0000] {logging_mixin.py:188} INFO - [2025-07-09T23:49:48.935+0000] {dag.py:3036} INFO - Sync 1 DAGs
[2025-07-09T23:49:48.948+0000] {logging_mixin.py:188} INFO - [2025-07-09T23:49:48.948+0000] {dag.py:3058} INFO - Creating ORM DAG for flight_etl_dag
[2025-07-09T23:49:48.963+0000] {logging_mixin.py:188} INFO - [2025-07-09T23:49:48.963+0000] {dag.py:3823} INFO - Setting next_dagrun for flight_etl_dag to 2025-07-08 00:00:00+00:00, run_after=2025-07-09 00:00:00+00:00
[2025-07-09T23:49:48.995+0000] {processor.py:183} INFO - Processing /opt/airflow/dags/flight_etl_dag.py took 3.210 seconds
[2025-07-09T23:50:19.141+0000] {processor.py:161} INFO - Started process (PID=124) to work on /opt/airflow/dags/flight_etl_dag.py
[2025-07-09T23:50:19.142+0000] {processor.py:830} INFO - Processing file /opt/airflow/dags/flight_etl_dag.py for tasks to queue
[2025-07-09T23:50:19.145+0000] {logging_mixin.py:188} INFO - [2025-07-09T23:50:19.144+0000] {dagbag.py:538} INFO - Filling up the DagBag from /opt/airflow/dags/flight_etl_dag.py
[2025-07-09T23:50:25.881+0000] {processor.py:840} INFO - DAG(s) 'flight_etl_dag' retrieved from /opt/airflow/dags/flight_etl_dag.py
[2025-07-09T23:50:25.906+0000] {logging_mixin.py:188} INFO - [2025-07-09T23:50:25.906+0000] {dag.py:3036} INFO - Sync 1 DAGs
[2025-07-09T23:50:25.935+0000] {logging_mixin.py:188} INFO - [2025-07-09T23:50:25.934+0000] {dag.py:3823} INFO - Setting next_dagrun for flight_etl_dag to 2025-07-08 00:00:00+00:00, run_after=2025-07-09 00:00:00+00:00
[2025-07-09T23:50:25.964+0000] {processor.py:183} INFO - Processing /opt/airflow/dags/flight_etl_dag.py took 6.828 seconds
[2025-07-09T23:54:25.126+0000] {processor.py:161} INFO - Started process (PID=61) to work on /opt/airflow/dags/flight_etl_dag.py
[2025-07-09T23:54:25.134+0000] {processor.py:830} INFO - Processing file /opt/airflow/dags/flight_etl_dag.py for tasks to queue
[2025-07-09T23:54:25.138+0000] {logging_mixin.py:188} INFO - [2025-07-09T23:54:25.137+0000] {dagbag.py:538} INFO - Filling up the DagBag from /opt/airflow/dags/flight_etl_dag.py
[2025-07-09T23:54:28.431+0000] {processor.py:840} INFO - DAG(s) 'flight_etl_dag' retrieved from /opt/airflow/dags/flight_etl_dag.py
[2025-07-09T23:54:28.571+0000] {logging_mixin.py:188} INFO - [2025-07-09T23:54:28.571+0000] {override.py:1769} INFO - Created Permission View: can edit on DAG:flight_etl_dag
[2025-07-09T23:54:28.595+0000] {logging_mixin.py:188} INFO - [2025-07-09T23:54:28.590+0000] {override.py:1769} INFO - Created Permission View: can read on DAG:flight_etl_dag
[2025-07-09T23:54:28.620+0000] {logging_mixin.py:188} INFO - [2025-07-09T23:54:28.620+0000] {override.py:1769} INFO - Created Permission View: can delete on DAG:flight_etl_dag
[2025-07-09T23:54:28.623+0000] {logging_mixin.py:188} INFO - [2025-07-09T23:54:28.622+0000] {dag.py:3036} INFO - Sync 1 DAGs
[2025-07-09T23:54:28.639+0000] {logging_mixin.py:188} INFO - [2025-07-09T23:54:28.638+0000] {dag.py:3058} INFO - Creating ORM DAG for flight_etl_dag
[2025-07-09T23:54:28.653+0000] {logging_mixin.py:188} INFO - [2025-07-09T23:54:28.653+0000] {dag.py:3823} INFO - Setting next_dagrun for flight_etl_dag to 2025-07-08 00:00:00+00:00, run_after=2025-07-09 00:00:00+00:00
[2025-07-09T23:54:28.687+0000] {processor.py:183} INFO - Processing /opt/airflow/dags/flight_etl_dag.py took 3.567 seconds
[2025-07-09T23:54:59.075+0000] {processor.py:161} INFO - Started process (PID=130) to work on /opt/airflow/dags/flight_etl_dag.py
[2025-07-09T23:54:59.077+0000] {processor.py:830} INFO - Processing file /opt/airflow/dags/flight_etl_dag.py for tasks to queue
[2025-07-09T23:54:59.083+0000] {logging_mixin.py:188} INFO - [2025-07-09T23:54:59.082+0000] {dagbag.py:538} INFO - Filling up the DagBag from /opt/airflow/dags/flight_etl_dag.py
[2025-07-09T23:55:03.170+0000] {processor.py:840} INFO - DAG(s) 'flight_etl_dag' retrieved from /opt/airflow/dags/flight_etl_dag.py
[2025-07-09T23:55:03.191+0000] {logging_mixin.py:188} INFO - [2025-07-09T23:55:03.191+0000] {dag.py:3036} INFO - Sync 1 DAGs
[2025-07-09T23:55:03.219+0000] {logging_mixin.py:188} INFO - [2025-07-09T23:55:03.219+0000] {dag.py:3823} INFO - Setting next_dagrun for flight_etl_dag to 2025-07-08 00:00:00+00:00, run_after=2025-07-09 00:00:00+00:00
[2025-07-09T23:55:03.254+0000] {processor.py:183} INFO - Processing /opt/airflow/dags/flight_etl_dag.py took 4.188 seconds
[2025-07-09T23:55:33.424+0000] {processor.py:161} INFO - Started process (PID=212) to work on /opt/airflow/dags/flight_etl_dag.py
[2025-07-09T23:55:33.427+0000] {processor.py:830} INFO - Processing file /opt/airflow/dags/flight_etl_dag.py for tasks to queue
[2025-07-09T23:55:33.432+0000] {logging_mixin.py:188} INFO - [2025-07-09T23:55:33.431+0000] {dagbag.py:538} INFO - Filling up the DagBag from /opt/airflow/dags/flight_etl_dag.py
[2025-07-09T23:55:35.364+0000] {processor.py:840} INFO - DAG(s) 'flight_etl_dag' retrieved from /opt/airflow/dags/flight_etl_dag.py
[2025-07-09T23:55:35.389+0000] {logging_mixin.py:188} INFO - [2025-07-09T23:55:35.388+0000] {dag.py:3036} INFO - Sync 1 DAGs
[2025-07-09T23:55:35.417+0000] {logging_mixin.py:188} INFO - [2025-07-09T23:55:35.416+0000] {dag.py:3823} INFO - Setting next_dagrun for flight_etl_dag to 2025-07-09 00:00:00+00:00, run_after=2025-07-10 00:00:00+00:00
[2025-07-09T23:55:35.453+0000] {processor.py:183} INFO - Processing /opt/airflow/dags/flight_etl_dag.py took 2.037 seconds
[2025-07-09T23:56:05.659+0000] {processor.py:161} INFO - Started process (PID=278) to work on /opt/airflow/dags/flight_etl_dag.py
[2025-07-09T23:56:05.661+0000] {processor.py:830} INFO - Processing file /opt/airflow/dags/flight_etl_dag.py for tasks to queue
[2025-07-09T23:56:05.664+0000] {logging_mixin.py:188} INFO - [2025-07-09T23:56:05.664+0000] {dagbag.py:538} INFO - Filling up the DagBag from /opt/airflow/dags/flight_etl_dag.py
[2025-07-09T23:56:13.042+0000] {processor.py:840} INFO - DAG(s) 'flight_etl_dag' retrieved from /opt/airflow/dags/flight_etl_dag.py
[2025-07-09T23:56:13.069+0000] {logging_mixin.py:188} INFO - [2025-07-09T23:56:13.068+0000] {dag.py:3036} INFO - Sync 1 DAGs
[2025-07-09T23:56:13.104+0000] {logging_mixin.py:188} INFO - [2025-07-09T23:56:13.102+0000] {dag.py:3823} INFO - Setting next_dagrun for flight_etl_dag to 2025-07-09 00:00:00+00:00, run_after=2025-07-10 00:00:00+00:00
[2025-07-09T23:56:13.151+0000] {processor.py:183} INFO - Processing /opt/airflow/dags/flight_etl_dag.py took 7.500 seconds
[2025-07-09T23:56:43.310+0000] {processor.py:161} INFO - Started process (PID=352) to work on /opt/airflow/dags/flight_etl_dag.py
[2025-07-09T23:56:43.313+0000] {processor.py:830} INFO - Processing file /opt/airflow/dags/flight_etl_dag.py for tasks to queue
[2025-07-09T23:56:43.316+0000] {logging_mixin.py:188} INFO - [2025-07-09T23:56:43.315+0000] {dagbag.py:538} INFO - Filling up the DagBag from /opt/airflow/dags/flight_etl_dag.py
[2025-07-09T23:56:44.111+0000] {logging_mixin.py:188} INFO - [2025-07-09T23:56:44.069+0000] {dagbag.py:348} ERROR - Failed to import: /opt/airflow/dags/flight_etl_dag.py
Traceback (most recent call last):
  File "/home/airflow/.local/lib/python3.8/site-packages/requests/models.py", line 971, in json
    return complexjson.loads(self.text, **kwargs)
  File "/usr/local/lib/python3.8/json/__init__.py", line 357, in loads
    return _default_decoder.decode(s)
  File "/usr/local/lib/python3.8/json/decoder.py", line 337, in decode
    obj, end = self.raw_decode(s, idx=_w(s, 0).end())
  File "/usr/local/lib/python3.8/json/decoder.py", line 355, in raw_decode
    raise JSONDecodeError("Expecting value", s, err.value) from None
json.decoder.JSONDecodeError: Expecting value: line 1 column 1 (char 0)

During handling of the above exception, another exception occurred:

Traceback (most recent call last):
  File "/home/airflow/.local/lib/python3.8/site-packages/airflow/models/dagbag.py", line 344, in parse
    loader.exec_module(new_module)
  File "<frozen importlib._bootstrap_external>", line 843, in exec_module
  File "<frozen importlib._bootstrap>", line 219, in _call_with_frames_removed
  File "/opt/airflow/dags/flight_etl_dag.py", line 8, in <module>
    from extract import extract
  File "/opt/airflow/extract.py", line 21, in <module>
    extract()
  File "/opt/airflow/extract.py", line 7, in extract
    data=response.json()
  File "/home/airflow/.local/lib/python3.8/site-packages/requests/models.py", line 975, in json
    raise RequestsJSONDecodeError(e.msg, e.doc, e.pos)
requests.exceptions.JSONDecodeError: Expecting value: line 1 column 1 (char 0)
[2025-07-09T23:56:44.119+0000] {processor.py:842} WARNING - No viable dags retrieved from /opt/airflow/dags/flight_etl_dag.py
[2025-07-09T23:56:44.171+0000] {processor.py:183} INFO - Processing /opt/airflow/dags/flight_etl_dag.py took 0.866 seconds
[2025-07-09T23:57:14.546+0000] {processor.py:161} INFO - Started process (PID=412) to work on /opt/airflow/dags/flight_etl_dag.py
[2025-07-09T23:57:14.548+0000] {processor.py:830} INFO - Processing file /opt/airflow/dags/flight_etl_dag.py for tasks to queue
[2025-07-09T23:57:14.552+0000] {logging_mixin.py:188} INFO - [2025-07-09T23:57:14.551+0000] {dagbag.py:538} INFO - Filling up the DagBag from /opt/airflow/dags/flight_etl_dag.py
[2025-07-09T23:57:15.535+0000] {logging_mixin.py:188} INFO - [2025-07-09T23:57:15.506+0000] {dagbag.py:348} ERROR - Failed to import: /opt/airflow/dags/flight_etl_dag.py
Traceback (most recent call last):
  File "/home/airflow/.local/lib/python3.8/site-packages/requests/models.py", line 971, in json
    return complexjson.loads(self.text, **kwargs)
  File "/usr/local/lib/python3.8/json/__init__.py", line 357, in loads
    return _default_decoder.decode(s)
  File "/usr/local/lib/python3.8/json/decoder.py", line 337, in decode
    obj, end = self.raw_decode(s, idx=_w(s, 0).end())
  File "/usr/local/lib/python3.8/json/decoder.py", line 355, in raw_decode
    raise JSONDecodeError("Expecting value", s, err.value) from None
json.decoder.JSONDecodeError: Expecting value: line 1 column 1 (char 0)

During handling of the above exception, another exception occurred:

Traceback (most recent call last):
  File "/home/airflow/.local/lib/python3.8/site-packages/airflow/models/dagbag.py", line 344, in parse
    loader.exec_module(new_module)
  File "<frozen importlib._bootstrap_external>", line 843, in exec_module
  File "<frozen importlib._bootstrap>", line 219, in _call_with_frames_removed
  File "/opt/airflow/dags/flight_etl_dag.py", line 8, in <module>
    from extract import extract
  File "/opt/airflow/extract.py", line 21, in <module>
    extract()
  File "/opt/airflow/extract.py", line 7, in extract
    data=response.json()
  File "/home/airflow/.local/lib/python3.8/site-packages/requests/models.py", line 975, in json
    raise RequestsJSONDecodeError(e.msg, e.doc, e.pos)
requests.exceptions.JSONDecodeError: Expecting value: line 1 column 1 (char 0)
[2025-07-09T23:57:15.542+0000] {processor.py:842} WARNING - No viable dags retrieved from /opt/airflow/dags/flight_etl_dag.py
[2025-07-09T23:57:15.598+0000] {processor.py:183} INFO - Processing /opt/airflow/dags/flight_etl_dag.py took 1.057 seconds
[2025-07-09T23:57:45.739+0000] {processor.py:161} INFO - Started process (PID=469) to work on /opt/airflow/dags/flight_etl_dag.py
[2025-07-09T23:57:45.741+0000] {processor.py:830} INFO - Processing file /opt/airflow/dags/flight_etl_dag.py for tasks to queue
[2025-07-09T23:57:45.744+0000] {logging_mixin.py:188} INFO - [2025-07-09T23:57:45.743+0000] {dagbag.py:538} INFO - Filling up the DagBag from /opt/airflow/dags/flight_etl_dag.py
[2025-07-09T23:57:46.343+0000] {logging_mixin.py:188} INFO - [2025-07-09T23:57:46.317+0000] {dagbag.py:348} ERROR - Failed to import: /opt/airflow/dags/flight_etl_dag.py
Traceback (most recent call last):
  File "/home/airflow/.local/lib/python3.8/site-packages/requests/models.py", line 971, in json
    return complexjson.loads(self.text, **kwargs)
  File "/usr/local/lib/python3.8/json/__init__.py", line 357, in loads
    return _default_decoder.decode(s)
  File "/usr/local/lib/python3.8/json/decoder.py", line 337, in decode
    obj, end = self.raw_decode(s, idx=_w(s, 0).end())
  File "/usr/local/lib/python3.8/json/decoder.py", line 355, in raw_decode
    raise JSONDecodeError("Expecting value", s, err.value) from None
json.decoder.JSONDecodeError: Expecting value: line 1 column 1 (char 0)

During handling of the above exception, another exception occurred:

Traceback (most recent call last):
  File "/home/airflow/.local/lib/python3.8/site-packages/airflow/models/dagbag.py", line 344, in parse
    loader.exec_module(new_module)
  File "<frozen importlib._bootstrap_external>", line 843, in exec_module
  File "<frozen importlib._bootstrap>", line 219, in _call_with_frames_removed
  File "/opt/airflow/dags/flight_etl_dag.py", line 8, in <module>
    from extract import extract
  File "/opt/airflow/extract.py", line 21, in <module>
    extract()
  File "/opt/airflow/extract.py", line 7, in extract
    data=response.json()
  File "/home/airflow/.local/lib/python3.8/site-packages/requests/models.py", line 975, in json
    raise RequestsJSONDecodeError(e.msg, e.doc, e.pos)
requests.exceptions.JSONDecodeError: Expecting value: line 1 column 1 (char 0)
[2025-07-09T23:57:46.349+0000] {processor.py:842} WARNING - No viable dags retrieved from /opt/airflow/dags/flight_etl_dag.py
[2025-07-09T23:57:46.386+0000] {processor.py:183} INFO - Processing /opt/airflow/dags/flight_etl_dag.py took 0.653 seconds
[2025-07-09T23:58:16.807+0000] {processor.py:161} INFO - Started process (PID=525) to work on /opt/airflow/dags/flight_etl_dag.py
[2025-07-09T23:58:16.809+0000] {processor.py:830} INFO - Processing file /opt/airflow/dags/flight_etl_dag.py for tasks to queue
[2025-07-09T23:58:16.811+0000] {logging_mixin.py:188} INFO - [2025-07-09T23:58:16.811+0000] {dagbag.py:538} INFO - Filling up the DagBag from /opt/airflow/dags/flight_etl_dag.py
[2025-07-09T23:58:17.592+0000] {logging_mixin.py:188} INFO - [2025-07-09T23:58:17.560+0000] {dagbag.py:348} ERROR - Failed to import: /opt/airflow/dags/flight_etl_dag.py
Traceback (most recent call last):
  File "/home/airflow/.local/lib/python3.8/site-packages/requests/models.py", line 971, in json
    return complexjson.loads(self.text, **kwargs)
  File "/usr/local/lib/python3.8/json/__init__.py", line 357, in loads
    return _default_decoder.decode(s)
  File "/usr/local/lib/python3.8/json/decoder.py", line 337, in decode
    obj, end = self.raw_decode(s, idx=_w(s, 0).end())
  File "/usr/local/lib/python3.8/json/decoder.py", line 355, in raw_decode
    raise JSONDecodeError("Expecting value", s, err.value) from None
json.decoder.JSONDecodeError: Expecting value: line 1 column 1 (char 0)

During handling of the above exception, another exception occurred:

Traceback (most recent call last):
  File "/home/airflow/.local/lib/python3.8/site-packages/airflow/models/dagbag.py", line 344, in parse
    loader.exec_module(new_module)
  File "<frozen importlib._bootstrap_external>", line 843, in exec_module
  File "<frozen importlib._bootstrap>", line 219, in _call_with_frames_removed
  File "/opt/airflow/dags/flight_etl_dag.py", line 8, in <module>
    from extract import extract
  File "/opt/airflow/extract.py", line 21, in <module>
    extract()
  File "/opt/airflow/extract.py", line 7, in extract
    data=response.json()
  File "/home/airflow/.local/lib/python3.8/site-packages/requests/models.py", line 975, in json
    raise RequestsJSONDecodeError(e.msg, e.doc, e.pos)
requests.exceptions.JSONDecodeError: Expecting value: line 1 column 1 (char 0)
[2025-07-09T23:58:17.597+0000] {processor.py:842} WARNING - No viable dags retrieved from /opt/airflow/dags/flight_etl_dag.py
[2025-07-09T23:58:17.642+0000] {processor.py:183} INFO - Processing /opt/airflow/dags/flight_etl_dag.py took 0.840 seconds
[2025-07-09T23:58:48.046+0000] {processor.py:161} INFO - Started process (PID=581) to work on /opt/airflow/dags/flight_etl_dag.py
[2025-07-09T23:58:48.048+0000] {processor.py:830} INFO - Processing file /opt/airflow/dags/flight_etl_dag.py for tasks to queue
[2025-07-09T23:58:48.050+0000] {logging_mixin.py:188} INFO - [2025-07-09T23:58:48.050+0000] {dagbag.py:538} INFO - Filling up the DagBag from /opt/airflow/dags/flight_etl_dag.py
[2025-07-09T23:58:48.916+0000] {logging_mixin.py:188} INFO - [2025-07-09T23:58:48.894+0000] {dagbag.py:348} ERROR - Failed to import: /opt/airflow/dags/flight_etl_dag.py
Traceback (most recent call last):
  File "/home/airflow/.local/lib/python3.8/site-packages/requests/models.py", line 971, in json
    return complexjson.loads(self.text, **kwargs)
  File "/usr/local/lib/python3.8/json/__init__.py", line 357, in loads
    return _default_decoder.decode(s)
  File "/usr/local/lib/python3.8/json/decoder.py", line 337, in decode
    obj, end = self.raw_decode(s, idx=_w(s, 0).end())
  File "/usr/local/lib/python3.8/json/decoder.py", line 355, in raw_decode
    raise JSONDecodeError("Expecting value", s, err.value) from None
json.decoder.JSONDecodeError: Expecting value: line 1 column 1 (char 0)

During handling of the above exception, another exception occurred:

Traceback (most recent call last):
  File "/home/airflow/.local/lib/python3.8/site-packages/airflow/models/dagbag.py", line 344, in parse
    loader.exec_module(new_module)
  File "<frozen importlib._bootstrap_external>", line 843, in exec_module
  File "<frozen importlib._bootstrap>", line 219, in _call_with_frames_removed
  File "/opt/airflow/dags/flight_etl_dag.py", line 8, in <module>
    from extract import extract
  File "/opt/airflow/extract.py", line 21, in <module>
    extract()
  File "/opt/airflow/extract.py", line 7, in extract
    data=response.json()
  File "/home/airflow/.local/lib/python3.8/site-packages/requests/models.py", line 975, in json
    raise RequestsJSONDecodeError(e.msg, e.doc, e.pos)
requests.exceptions.JSONDecodeError: Expecting value: line 1 column 1 (char 0)
[2025-07-09T23:58:48.921+0000] {processor.py:842} WARNING - No viable dags retrieved from /opt/airflow/dags/flight_etl_dag.py
[2025-07-09T23:58:48.951+0000] {processor.py:183} INFO - Processing /opt/airflow/dags/flight_etl_dag.py took 0.911 seconds
[2025-07-09T23:59:19.137+0000] {processor.py:161} INFO - Started process (PID=637) to work on /opt/airflow/dags/flight_etl_dag.py
[2025-07-09T23:59:19.141+0000] {processor.py:830} INFO - Processing file /opt/airflow/dags/flight_etl_dag.py for tasks to queue
[2025-07-09T23:59:19.143+0000] {logging_mixin.py:188} INFO - [2025-07-09T23:59:19.143+0000] {dagbag.py:538} INFO - Filling up the DagBag from /opt/airflow/dags/flight_etl_dag.py
[2025-07-09T23:59:19.947+0000] {logging_mixin.py:188} INFO - [2025-07-09T23:59:19.922+0000] {dagbag.py:348} ERROR - Failed to import: /opt/airflow/dags/flight_etl_dag.py
Traceback (most recent call last):
  File "/home/airflow/.local/lib/python3.8/site-packages/requests/models.py", line 971, in json
    return complexjson.loads(self.text, **kwargs)
  File "/usr/local/lib/python3.8/json/__init__.py", line 357, in loads
    return _default_decoder.decode(s)
  File "/usr/local/lib/python3.8/json/decoder.py", line 337, in decode
    obj, end = self.raw_decode(s, idx=_w(s, 0).end())
  File "/usr/local/lib/python3.8/json/decoder.py", line 355, in raw_decode
    raise JSONDecodeError("Expecting value", s, err.value) from None
json.decoder.JSONDecodeError: Expecting value: line 1 column 1 (char 0)

During handling of the above exception, another exception occurred:

Traceback (most recent call last):
  File "/home/airflow/.local/lib/python3.8/site-packages/airflow/models/dagbag.py", line 344, in parse
    loader.exec_module(new_module)
  File "<frozen importlib._bootstrap_external>", line 843, in exec_module
  File "<frozen importlib._bootstrap>", line 219, in _call_with_frames_removed
  File "/opt/airflow/dags/flight_etl_dag.py", line 8, in <module>
    from extract import extract
  File "/opt/airflow/extract.py", line 21, in <module>
    extract()
  File "/opt/airflow/extract.py", line 7, in extract
    data=response.json()
  File "/home/airflow/.local/lib/python3.8/site-packages/requests/models.py", line 975, in json
    raise RequestsJSONDecodeError(e.msg, e.doc, e.pos)
requests.exceptions.JSONDecodeError: Expecting value: line 1 column 1 (char 0)
[2025-07-09T23:59:19.953+0000] {processor.py:842} WARNING - No viable dags retrieved from /opt/airflow/dags/flight_etl_dag.py
[2025-07-09T23:59:19.988+0000] {processor.py:183} INFO - Processing /opt/airflow/dags/flight_etl_dag.py took 0.858 seconds
[2025-07-09T23:59:50.582+0000] {processor.py:161} INFO - Started process (PID=693) to work on /opt/airflow/dags/flight_etl_dag.py
[2025-07-09T23:59:50.585+0000] {processor.py:830} INFO - Processing file /opt/airflow/dags/flight_etl_dag.py for tasks to queue
[2025-07-09T23:59:50.587+0000] {logging_mixin.py:188} INFO - [2025-07-09T23:59:50.587+0000] {dagbag.py:538} INFO - Filling up the DagBag from /opt/airflow/dags/flight_etl_dag.py
[2025-07-09T23:59:51.394+0000] {logging_mixin.py:188} INFO - [2025-07-09T23:59:51.360+0000] {dagbag.py:348} ERROR - Failed to import: /opt/airflow/dags/flight_etl_dag.py
Traceback (most recent call last):
  File "/home/airflow/.local/lib/python3.8/site-packages/requests/models.py", line 971, in json
    return complexjson.loads(self.text, **kwargs)
  File "/usr/local/lib/python3.8/json/__init__.py", line 357, in loads
    return _default_decoder.decode(s)
  File "/usr/local/lib/python3.8/json/decoder.py", line 337, in decode
    obj, end = self.raw_decode(s, idx=_w(s, 0).end())
  File "/usr/local/lib/python3.8/json/decoder.py", line 355, in raw_decode
    raise JSONDecodeError("Expecting value", s, err.value) from None
json.decoder.JSONDecodeError: Expecting value: line 1 column 1 (char 0)

During handling of the above exception, another exception occurred:

Traceback (most recent call last):
  File "/home/airflow/.local/lib/python3.8/site-packages/airflow/models/dagbag.py", line 344, in parse
    loader.exec_module(new_module)
  File "<frozen importlib._bootstrap_external>", line 843, in exec_module
  File "<frozen importlib._bootstrap>", line 219, in _call_with_frames_removed
  File "/opt/airflow/dags/flight_etl_dag.py", line 8, in <module>
    from extract import extract
  File "/opt/airflow/extract.py", line 21, in <module>
    extract()
  File "/opt/airflow/extract.py", line 7, in extract
    data=response.json()
  File "/home/airflow/.local/lib/python3.8/site-packages/requests/models.py", line 975, in json
    raise RequestsJSONDecodeError(e.msg, e.doc, e.pos)
requests.exceptions.JSONDecodeError: Expecting value: line 1 column 1 (char 0)
[2025-07-09T23:59:51.400+0000] {processor.py:842} WARNING - No viable dags retrieved from /opt/airflow/dags/flight_etl_dag.py
[2025-07-09T23:59:51.445+0000] {processor.py:183} INFO - Processing /opt/airflow/dags/flight_etl_dag.py took 0.869 seconds
